This file contains any messages produced by compilers while
running configure, to aid debugging if configure makes a mistake.

It was created by IReSISD configure 1.0, which was
generated by GNU Autoconf 2.63.  Invocation command line was

  $ ./configure 

## --------- ##
## Platform. ##
## --------- ##

hostname = om0000-DQ67SW
uname -m = x86_64
uname -r = 3.13.0-36-generic
uname -s = Linux
uname -v = #63-Ubuntu SMP Wed Sep 3 21:30:07 UTC 2014

/usr/bin/uname -p = unknown
/bin/uname -X     = unknown

/bin/arch              = unknown
/usr/bin/arch -k       = unknown
/usr/convex/getsysinfo = unknown
/usr/bin/hostinfo      = unknown
/bin/machine           = unknown
/usr/bin/oslevel       = unknown
/bin/universe          = unknown

PATH: /home/om0000/Programs/Enthought/Canopy_64bit/User/bin
PATH: /home/om0000/bin
PATH: /usr/local/sbin
PATH: /usr/local/bin
PATH: /usr/sbin
PATH: /usr/bin
PATH: /sbin
PATH: /bin
PATH: /usr/games
PATH: /usr/local/games
PATH: /home/om0000/bin
PATH: /home/om0000/Libraries/install/lib/cmake


## ----------- ##
## Core tests. ##
## ----------- ##

configure:1881: checking for a BSD-compatible install
configure:1949: result: /usr/bin/install -c
configure:1960: checking whether build environment is sane
configure:2020: result: yes
configure:2161: checking for a thread-safe mkdir -p
configure:2200: result: /bin/mkdir -p
configure:2213: checking for gawk
configure:2229: found /usr/bin/gawk
configure:2240: result: gawk
configure:2251: checking whether make sets $(MAKE)
configure:2273: result: yes
configure:2415: checking for g++
configure:2431: found /usr/bin/g++
configure:2442: result: g++
configure:2469: checking for C++ compiler version
configure:2477: g++ --version >&5
g++ (Ubuntu 4.8.2-19ubuntu1) 4.8.2
Copyright (C) 2013 Free Software Foundation, Inc.
This is free software; see the source for copying conditions.  There is NO
warranty; not even for MERCHANTABILITY or FITNESS FOR A PARTICULAR PURPOSE.

configure:2481: $? = 0
configure:2488: g++ -v >&5
Using built-in specs.
COLLECT_GCC=g++
COLLECT_LTO_WRAPPER=/usr/lib/gcc/x86_64-linux-gnu/4.8/lto-wrapper
Target: x86_64-linux-gnu
Configured with: ../src/configure -v --with-pkgversion='Ubuntu 4.8.2-19ubuntu1' --with-bugurl=file:///usr/share/doc/gcc-4.8/README.Bugs --enable-languages=c,c++,java,go,d,fortran,objc,obj-c++ --prefix=/usr --program-suffix=-4.8 --enable-shared --enable-linker-build-id --libexecdir=/usr/lib --without-included-gettext --enable-threads=posix --with-gxx-include-dir=/usr/include/c++/4.8 --libdir=/usr/lib --enable-nls --with-sysroot=/ --enable-clocale=gnu --enable-libstdcxx-debug --enable-libstdcxx-time=yes --enable-gnu-unique-object --disable-libmudflap --enable-plugin --with-system-zlib --disable-browser-plugin --enable-java-awt=gtk --enable-gtk-cairo --with-java-home=/usr/lib/jvm/java-1.5.0-gcj-4.8-amd64/jre --enable-java-home --with-jvm-root-dir=/usr/lib/jvm/java-1.5.0-gcj-4.8-amd64 --with-jvm-jar-dir=/usr/lib/jvm-exports/java-1.5.0-gcj-4.8-amd64 --with-arch-directory=amd64 --with-ecj-jar=/usr/share/java/eclipse-ecj.jar --enable-objc-gc --enable-multiarch --disable-werror --with-arch-32=i686 --with-abi=m64 --with-multilib-list=m32,m64,mx32 --with-tune=generic --enable-checking=release --build=x86_64-linux-gnu --host=x86_64-linux-gnu --target=x86_64-linux-gnu
Thread model: posix
gcc version 4.8.2 (Ubuntu 4.8.2-19ubuntu1) 
configure:2492: $? = 0
configure:2499: g++ -V >&5
g++: error: unrecognized command line option '-V'
g++: fatal error: no input files
compilation terminated.
configure:2503: $? = 4
configure:2526: checking for C++ compiler default output file name
configure:2548: g++    conftest.cpp  >&5
configure:2552: $? = 0
configure:2590: result: a.out
configure:2609: checking whether the C++ compiler works
configure:2619: ./a.out
configure:2623: $? = 0
configure:2642: result: yes
configure:2649: checking whether we are cross compiling
configure:2651: result: no
configure:2654: checking for suffix of executables
configure:2661: g++ -o conftest    conftest.cpp  >&5
configure:2665: $? = 0
configure:2691: result: 
configure:2697: checking for suffix of object files
configure:2723: g++ -c   conftest.cpp >&5
configure:2727: $? = 0
configure:2752: result: o
configure:2756: checking whether we are using the GNU C++ compiler
configure:2785: g++ -c   conftest.cpp >&5
configure:2792: $? = 0
configure:2809: result: yes
configure:2818: checking whether g++ accepts -g
configure:2848: g++ -c -g  conftest.cpp >&5
configure:2855: $? = 0
configure:2956: result: yes
configure:2990: checking for style of include used by make
configure:3018: result: GNU
configure:3043: checking dependency style of g++
configure:3153: result: none
configure:3216: checking for gcc
configure:3232: found /usr/bin/gcc
configure:3243: result: gcc
configure:3475: checking for C compiler version
configure:3483: gcc --version >&5
gcc (Ubuntu 4.8.2-19ubuntu1) 4.8.2
Copyright (C) 2013 Free Software Foundation, Inc.
This is free software; see the source for copying conditions.  There is NO
warranty; not even for MERCHANTABILITY or FITNESS FOR A PARTICULAR PURPOSE.

configure:3487: $? = 0
configure:3494: gcc -v >&5
Using built-in specs.
COLLECT_GCC=gcc
COLLECT_LTO_WRAPPER=/usr/lib/gcc/x86_64-linux-gnu/4.8/lto-wrapper
Target: x86_64-linux-gnu
Configured with: ../src/configure -v --with-pkgversion='Ubuntu 4.8.2-19ubuntu1' --with-bugurl=file:///usr/share/doc/gcc-4.8/README.Bugs --enable-languages=c,c++,java,go,d,fortran,objc,obj-c++ --prefix=/usr --program-suffix=-4.8 --enable-shared --enable-linker-build-id --libexecdir=/usr/lib --without-included-gettext --enable-threads=posix --with-gxx-include-dir=/usr/include/c++/4.8 --libdir=/usr/lib --enable-nls --with-sysroot=/ --enable-clocale=gnu --enable-libstdcxx-debug --enable-libstdcxx-time=yes --enable-gnu-unique-object --disable-libmudflap --enable-plugin --with-system-zlib --disable-browser-plugin --enable-java-awt=gtk --enable-gtk-cairo --with-java-home=/usr/lib/jvm/java-1.5.0-gcj-4.8-amd64/jre --enable-java-home --with-jvm-root-dir=/usr/lib/jvm/java-1.5.0-gcj-4.8-amd64 --with-jvm-jar-dir=/usr/lib/jvm-exports/java-1.5.0-gcj-4.8-amd64 --with-arch-directory=amd64 --with-ecj-jar=/usr/share/java/eclipse-ecj.jar --enable-objc-gc --enable-multiarch --disable-werror --with-arch-32=i686 --with-abi=m64 --with-multilib-list=m32,m64,mx32 --with-tune=generic --enable-checking=release --build=x86_64-linux-gnu --host=x86_64-linux-gnu --target=x86_64-linux-gnu
Thread model: posix
gcc version 4.8.2 (Ubuntu 4.8.2-19ubuntu1) 
configure:3498: $? = 0
configure:3505: gcc -V >&5
gcc: error: unrecognized command line option '-V'
gcc: fatal error: no input files
compilation terminated.
configure:3509: $? = 4
configure:3512: checking whether we are using the GNU C compiler
configure:3541: gcc -c   conftest.c >&5
configure:3548: $? = 0
configure:3565: result: yes
configure:3574: checking whether gcc accepts -g
configure:3604: gcc -c -g  conftest.c >&5
configure:3611: $? = 0
configure:3712: result: yes
configure:3729: checking for gcc option to accept ISO C89
configure:3803: gcc  -c -g -O2  conftest.c >&5
configure:3810: $? = 0
configure:3833: result: none needed
configure:3853: checking dependency style of gcc
configure:3963: result: none
configure:3978: checking whether make sets $(MAKE)
configure:4000: result: yes
configure:4014: checking for main in -ldcmdata
configure:4043: gcc -o conftest -g -O2   conftest.c -ldcmdata   >&5
/usr/bin/ld: cannot find -ldcmdata
collect2: error: ld returned 1 exit status
configure:4050: $? = 1
configure: failed program was:
| /* confdefs.h.  */
| #define PACKAGE_NAME "IReSISD"
| #define PACKAGE_TARNAME "iresisd"
| #define PACKAGE_VERSION "1.0"
| #define PACKAGE_STRING "IReSISD 1.0"
| #define PACKAGE_BUGREPORT "csatmp@bristol.ac.uk"
| #define PACKAGE "iresisd"
| #define VERSION "1.0"
| /* end confdefs.h.  */
| 
| 
| int
| main ()
| {
| return main ();
|   ;
|   return 0;
| }
configure:4071: result: no
configure:4084: checking for main in -lfftw3
configure:4113: gcc -o conftest -g -O2   conftest.c -lfftw3   >&5
/usr/bin/ld: cannot find -lfftw3
collect2: error: ld returned 1 exit status
configure:4120: $? = 1
configure: failed program was:
| /* confdefs.h.  */
| #define PACKAGE_NAME "IReSISD"
| #define PACKAGE_TARNAME "iresisd"
| #define PACKAGE_VERSION "1.0"
| #define PACKAGE_STRING "IReSISD 1.0"
| #define PACKAGE_BUGREPORT "csatmp@bristol.ac.uk"
| #define PACKAGE "iresisd"
| #define VERSION "1.0"
| /* end confdefs.h.  */
| 
| 
| int
| main ()
| {
| return main ();
|   ;
|   return 0;
| }
configure:4141: result: no
configure:4154: checking for main in -lfftw3_threads
configure:4183: gcc -o conftest -g -O2   conftest.c -lfftw3_threads   >&5
/usr/bin/ld: cannot find -lfftw3_threads
collect2: error: ld returned 1 exit status
configure:4190: $? = 1
configure: failed program was:
| /* confdefs.h.  */
| #define PACKAGE_NAME "IReSISD"
| #define PACKAGE_TARNAME "iresisd"
| #define PACKAGE_VERSION "1.0"
| #define PACKAGE_STRING "IReSISD 1.0"
| #define PACKAGE_BUGREPORT "csatmp@bristol.ac.uk"
| #define PACKAGE "iresisd"
| #define VERSION "1.0"
| /* end confdefs.h.  */
| 
| 
| int
| main ()
| {
| return main ();
|   ;
|   return 0;
| }
configure:4211: result: no
configure:4224: checking for main in -lgomp
configure:4253: gcc -o conftest -g -O2   conftest.c -lgomp   >&5
configure:4260: $? = 0
configure:4281: result: yes
configure:4294: checking for main in -lnifticdf
configure:4323: gcc -o conftest -g -O2   conftest.c -lnifticdf  -lgomp  >&5
/usr/bin/ld: cannot find -lnifticdf
collect2: error: ld returned 1 exit status
configure:4330: $? = 1
configure: failed program was:
| /* confdefs.h.  */
| #define PACKAGE_NAME "IReSISD"
| #define PACKAGE_TARNAME "iresisd"
| #define PACKAGE_VERSION "1.0"
| #define PACKAGE_STRING "IReSISD 1.0"
| #define PACKAGE_BUGREPORT "csatmp@bristol.ac.uk"
| #define PACKAGE "iresisd"
| #define VERSION "1.0"
| #define HAVE_LIBGOMP 1
| /* end confdefs.h.  */
| 
| 
| int
| main ()
| {
| return main ();
|   ;
|   return 0;
| }
configure:4351: result: no
configure:4364: checking for main in -lniftiio
configure:4393: gcc -o conftest -g -O2   conftest.c -lniftiio  -lgomp  >&5
/usr/bin/ld: cannot find -lniftiio
collect2: error: ld returned 1 exit status
configure:4400: $? = 1
configure: failed program was:
| /* confdefs.h.  */
| #define PACKAGE_NAME "IReSISD"
| #define PACKAGE_TARNAME "iresisd"
| #define PACKAGE_VERSION "1.0"
| #define PACKAGE_STRING "IReSISD 1.0"
| #define PACKAGE_BUGREPORT "csatmp@bristol.ac.uk"
| #define PACKAGE "iresisd"
| #define VERSION "1.0"
| #define HAVE_LIBGOMP 1
| /* end confdefs.h.  */
| 
| 
| int
| main ()
| {
| return main ();
|   ;
|   return 0;
| }
configure:4421: result: no
configure:4434: checking for main in -loflog
configure:4463: gcc -o conftest -g -O2   conftest.c -loflog  -lgomp  >&5
/usr/bin/ld: cannot find -loflog
collect2: error: ld returned 1 exit status
configure:4470: $? = 1
configure: failed program was:
| /* confdefs.h.  */
| #define PACKAGE_NAME "IReSISD"
| #define PACKAGE_TARNAME "iresisd"
| #define PACKAGE_VERSION "1.0"
| #define PACKAGE_STRING "IReSISD 1.0"
| #define PACKAGE_BUGREPORT "csatmp@bristol.ac.uk"
| #define PACKAGE "iresisd"
| #define VERSION "1.0"
| #define HAVE_LIBGOMP 1
| /* end confdefs.h.  */
| 
| 
| int
| main ()
| {
| return main ();
|   ;
|   return 0;
| }
configure:4491: result: no
configure:4504: checking for main in -lofstd
configure:4533: gcc -o conftest -g -O2   conftest.c -lofstd  -lgomp  >&5
/usr/bin/ld: cannot find -lofstd
collect2: error: ld returned 1 exit status
configure:4540: $? = 1
configure: failed program was:
| /* confdefs.h.  */
| #define PACKAGE_NAME "IReSISD"
| #define PACKAGE_TARNAME "iresisd"
| #define PACKAGE_VERSION "1.0"
| #define PACKAGE_STRING "IReSISD 1.0"
| #define PACKAGE_BUGREPORT "csatmp@bristol.ac.uk"
| #define PACKAGE "iresisd"
| #define VERSION "1.0"
| #define HAVE_LIBGOMP 1
| /* end confdefs.h.  */
| 
| 
| int
| main ()
| {
| return main ();
|   ;
|   return 0;
| }
configure:4561: result: no
configure:4574: checking for main in -lopencv_calib3d
configure:4603: gcc -o conftest -g -O2   conftest.c -lopencv_calib3d  -lgomp  >&5
/usr/bin/ld: cannot find -lopencv_calib3d
collect2: error: ld returned 1 exit status
configure:4610: $? = 1
configure: failed program was:
| /* confdefs.h.  */
| #define PACKAGE_NAME "IReSISD"
| #define PACKAGE_TARNAME "iresisd"
| #define PACKAGE_VERSION "1.0"
| #define PACKAGE_STRING "IReSISD 1.0"
| #define PACKAGE_BUGREPORT "csatmp@bristol.ac.uk"
| #define PACKAGE "iresisd"
| #define VERSION "1.0"
| #define HAVE_LIBGOMP 1
| /* end confdefs.h.  */
| 
| 
| int
| main ()
| {
| return main ();
|   ;
|   return 0;
| }
configure:4631: result: no
configure:4644: checking for main in -lopencv_contrib
configure:4673: gcc -o conftest -g -O2   conftest.c -lopencv_contrib  -lgomp  >&5
/usr/bin/ld: cannot find -lopencv_contrib
collect2: error: ld returned 1 exit status
configure:4680: $? = 1
configure: failed program was:
| /* confdefs.h.  */
| #define PACKAGE_NAME "IReSISD"
| #define PACKAGE_TARNAME "iresisd"
| #define PACKAGE_VERSION "1.0"
| #define PACKAGE_STRING "IReSISD 1.0"
| #define PACKAGE_BUGREPORT "csatmp@bristol.ac.uk"
| #define PACKAGE "iresisd"
| #define VERSION "1.0"
| #define HAVE_LIBGOMP 1
| /* end confdefs.h.  */
| 
| 
| int
| main ()
| {
| return main ();
|   ;
|   return 0;
| }
configure:4701: result: no
configure:4714: checking for main in -lopencv_core
configure:4743: gcc -o conftest -g -O2   conftest.c -lopencv_core  -lgomp  >&5
/usr/bin/ld: cannot find -lopencv_core
collect2: error: ld returned 1 exit status
configure:4750: $? = 1
configure: failed program was:
| /* confdefs.h.  */
| #define PACKAGE_NAME "IReSISD"
| #define PACKAGE_TARNAME "iresisd"
| #define PACKAGE_VERSION "1.0"
| #define PACKAGE_STRING "IReSISD 1.0"
| #define PACKAGE_BUGREPORT "csatmp@bristol.ac.uk"
| #define PACKAGE "iresisd"
| #define VERSION "1.0"
| #define HAVE_LIBGOMP 1
| /* end confdefs.h.  */
| 
| 
| int
| main ()
| {
| return main ();
|   ;
|   return 0;
| }
configure:4771: result: no
configure:4784: checking for main in -lopencv_features2d
configure:4813: gcc -o conftest -g -O2   conftest.c -lopencv_features2d  -lgomp  >&5
/usr/bin/ld: cannot find -lopencv_features2d
collect2: error: ld returned 1 exit status
configure:4820: $? = 1
configure: failed program was:
| /* confdefs.h.  */
| #define PACKAGE_NAME "IReSISD"
| #define PACKAGE_TARNAME "iresisd"
| #define PACKAGE_VERSION "1.0"
| #define PACKAGE_STRING "IReSISD 1.0"
| #define PACKAGE_BUGREPORT "csatmp@bristol.ac.uk"
| #define PACKAGE "iresisd"
| #define VERSION "1.0"
| #define HAVE_LIBGOMP 1
| /* end confdefs.h.  */
| 
| 
| int
| main ()
| {
| return main ();
|   ;
|   return 0;
| }
configure:4841: result: no
configure:4854: checking for main in -lopencv_flann
configure:4883: gcc -o conftest -g -O2   conftest.c -lopencv_flann  -lgomp  >&5
/usr/bin/ld: cannot find -lopencv_flann
collect2: error: ld returned 1 exit status
configure:4890: $? = 1
configure: failed program was:
| /* confdefs.h.  */
| #define PACKAGE_NAME "IReSISD"
| #define PACKAGE_TARNAME "iresisd"
| #define PACKAGE_VERSION "1.0"
| #define PACKAGE_STRING "IReSISD 1.0"
| #define PACKAGE_BUGREPORT "csatmp@bristol.ac.uk"
| #define PACKAGE "iresisd"
| #define VERSION "1.0"
| #define HAVE_LIBGOMP 1
| /* end confdefs.h.  */
| 
| 
| int
| main ()
| {
| return main ();
|   ;
|   return 0;
| }
configure:4911: result: no
configure:4924: checking for main in -lopencv_gpu
configure:4953: gcc -o conftest -g -O2   conftest.c -lopencv_gpu  -lgomp  >&5
/usr/bin/ld: cannot find -lopencv_gpu
collect2: error: ld returned 1 exit status
configure:4960: $? = 1
configure: failed program was:
| /* confdefs.h.  */
| #define PACKAGE_NAME "IReSISD"
| #define PACKAGE_TARNAME "iresisd"
| #define PACKAGE_VERSION "1.0"
| #define PACKAGE_STRING "IReSISD 1.0"
| #define PACKAGE_BUGREPORT "csatmp@bristol.ac.uk"
| #define PACKAGE "iresisd"
| #define VERSION "1.0"
| #define HAVE_LIBGOMP 1
| /* end confdefs.h.  */
| 
| 
| int
| main ()
| {
| return main ();
|   ;
|   return 0;
| }
configure:4981: result: no
configure:4994: checking for main in -lopencv_highgui
configure:5023: gcc -o conftest -g -O2   conftest.c -lopencv_highgui  -lgomp  >&5
/usr/bin/ld: cannot find -lopencv_highgui
collect2: error: ld returned 1 exit status
configure:5030: $? = 1
configure: failed program was:
| /* confdefs.h.  */
| #define PACKAGE_NAME "IReSISD"
| #define PACKAGE_TARNAME "iresisd"
| #define PACKAGE_VERSION "1.0"
| #define PACKAGE_STRING "IReSISD 1.0"
| #define PACKAGE_BUGREPORT "csatmp@bristol.ac.uk"
| #define PACKAGE "iresisd"
| #define VERSION "1.0"
| #define HAVE_LIBGOMP 1
| /* end confdefs.h.  */
| 
| 
| int
| main ()
| {
| return main ();
|   ;
|   return 0;
| }
configure:5051: result: no
configure:5064: checking for main in -lopencv_imgproc
configure:5093: gcc -o conftest -g -O2   conftest.c -lopencv_imgproc  -lgomp  >&5
/usr/bin/ld: cannot find -lopencv_imgproc
collect2: error: ld returned 1 exit status
configure:5100: $? = 1
configure: failed program was:
| /* confdefs.h.  */
| #define PACKAGE_NAME "IReSISD"
| #define PACKAGE_TARNAME "iresisd"
| #define PACKAGE_VERSION "1.0"
| #define PACKAGE_STRING "IReSISD 1.0"
| #define PACKAGE_BUGREPORT "csatmp@bristol.ac.uk"
| #define PACKAGE "iresisd"
| #define VERSION "1.0"
| #define HAVE_LIBGOMP 1
| /* end confdefs.h.  */
| 
| 
| int
| main ()
| {
| return main ();
|   ;
|   return 0;
| }
configure:5121: result: no
configure:5134: checking for main in -lopencv_legacy
configure:5163: gcc -o conftest -g -O2   conftest.c -lopencv_legacy  -lgomp  >&5
/usr/bin/ld: cannot find -lopencv_legacy
collect2: error: ld returned 1 exit status
configure:5170: $? = 1
configure: failed program was:
| /* confdefs.h.  */
| #define PACKAGE_NAME "IReSISD"
| #define PACKAGE_TARNAME "iresisd"
| #define PACKAGE_VERSION "1.0"
| #define PACKAGE_STRING "IReSISD 1.0"
| #define PACKAGE_BUGREPORT "csatmp@bristol.ac.uk"
| #define PACKAGE "iresisd"
| #define VERSION "1.0"
| #define HAVE_LIBGOMP 1
| /* end confdefs.h.  */
| 
| 
| int
| main ()
| {
| return main ();
|   ;
|   return 0;
| }
configure:5191: result: no
configure:5204: checking for main in -lopencv_ml
configure:5233: gcc -o conftest -g -O2   conftest.c -lopencv_ml  -lgomp  >&5
/usr/bin/ld: cannot find -lopencv_ml
collect2: error: ld returned 1 exit status
configure:5240: $? = 1
configure: failed program was:
| /* confdefs.h.  */
| #define PACKAGE_NAME "IReSISD"
| #define PACKAGE_TARNAME "iresisd"
| #define PACKAGE_VERSION "1.0"
| #define PACKAGE_STRING "IReSISD 1.0"
| #define PACKAGE_BUGREPORT "csatmp@bristol.ac.uk"
| #define PACKAGE "iresisd"
| #define VERSION "1.0"
| #define HAVE_LIBGOMP 1
| /* end confdefs.h.  */
| 
| 
| int
| main ()
| {
| return main ();
|   ;
|   return 0;
| }
configure:5261: result: no
configure:5274: checking for main in -lopencv_objdetect
configure:5303: gcc -o conftest -g -O2   conftest.c -lopencv_objdetect  -lgomp  >&5
/usr/bin/ld: cannot find -lopencv_objdetect
collect2: error: ld returned 1 exit status
configure:5310: $? = 1
configure: failed program was:
| /* confdefs.h.  */
| #define PACKAGE_NAME "IReSISD"
| #define PACKAGE_TARNAME "iresisd"
| #define PACKAGE_VERSION "1.0"
| #define PACKAGE_STRING "IReSISD 1.0"
| #define PACKAGE_BUGREPORT "csatmp@bristol.ac.uk"
| #define PACKAGE "iresisd"
| #define VERSION "1.0"
| #define HAVE_LIBGOMP 1
| /* end confdefs.h.  */
| 
| 
| int
| main ()
| {
| return main ();
|   ;
|   return 0;
| }
configure:5331: result: no
configure:5344: checking for main in -lopencv_video
configure:5373: gcc -o conftest -g -O2   conftest.c -lopencv_video  -lgomp  >&5
/usr/bin/ld: cannot find -lopencv_video
collect2: error: ld returned 1 exit status
configure:5380: $? = 1
configure: failed program was:
| /* confdefs.h.  */
| #define PACKAGE_NAME "IReSISD"
| #define PACKAGE_TARNAME "iresisd"
| #define PACKAGE_VERSION "1.0"
| #define PACKAGE_STRING "IReSISD 1.0"
| #define PACKAGE_BUGREPORT "csatmp@bristol.ac.uk"
| #define PACKAGE "iresisd"
| #define VERSION "1.0"
| #define HAVE_LIBGOMP 1
| /* end confdefs.h.  */
| 
| 
| int
| main ()
| {
| return main ();
|   ;
|   return 0;
| }
configure:5401: result: no
configure:5414: checking for main in -lteem
configure:5443: gcc -o conftest -g -O2   conftest.c -lteem  -lgomp  >&5
/usr/bin/ld: cannot find -lteem
collect2: error: ld returned 1 exit status
configure:5450: $? = 1
configure: failed program was:
| /* confdefs.h.  */
| #define PACKAGE_NAME "IReSISD"
| #define PACKAGE_TARNAME "iresisd"
| #define PACKAGE_VERSION "1.0"
| #define PACKAGE_STRING "IReSISD 1.0"
| #define PACKAGE_BUGREPORT "csatmp@bristol.ac.uk"
| #define PACKAGE "iresisd"
| #define VERSION "1.0"
| #define HAVE_LIBGOMP 1
| /* end confdefs.h.  */
| 
| 
| int
| main ()
| {
| return main ();
|   ;
|   return 0;
| }
configure:5471: result: no
configure:5489: checking how to run the C preprocessor
configure:5529: gcc -E  conftest.c
configure:5536: $? = 0
configure:5567: gcc -E  conftest.c
conftest.c:11:28: fatal error: ac_nonexistent.h: No such file or directory
 #include <ac_nonexistent.h>
                            ^
compilation terminated.
configure:5574: $? = 1
configure: failed program was:
| /* confdefs.h.  */
| #define PACKAGE_NAME "IReSISD"
| #define PACKAGE_TARNAME "iresisd"
| #define PACKAGE_VERSION "1.0"
| #define PACKAGE_STRING "IReSISD 1.0"
| #define PACKAGE_BUGREPORT "csatmp@bristol.ac.uk"
| #define PACKAGE "iresisd"
| #define VERSION "1.0"
| #define HAVE_LIBGOMP 1
| /* end confdefs.h.  */
| #include <ac_nonexistent.h>
configure:5607: result: gcc -E
configure:5636: gcc -E  conftest.c
configure:5643: $? = 0
configure:5674: gcc -E  conftest.c
conftest.c:11:28: fatal error: ac_nonexistent.h: No such file or directory
 #include <ac_nonexistent.h>
                            ^
compilation terminated.
configure:5681: $? = 1
configure: failed program was:
| /* confdefs.h.  */
| #define PACKAGE_NAME "IReSISD"
| #define PACKAGE_TARNAME "iresisd"
| #define PACKAGE_VERSION "1.0"
| #define PACKAGE_STRING "IReSISD 1.0"
| #define PACKAGE_BUGREPORT "csatmp@bristol.ac.uk"
| #define PACKAGE "iresisd"
| #define VERSION "1.0"
| #define HAVE_LIBGOMP 1
| /* end confdefs.h.  */
| #include <ac_nonexistent.h>
configure:5721: checking for grep that handles long lines and -e
configure:5781: result: /bin/grep
configure:5786: checking for egrep
configure:5850: result: /bin/grep -E
configure:5855: checking for ANSI C header files
configure:5885: gcc -c -g -O2  conftest.c >&5
configure:5892: $? = 0
configure:5991: gcc -o conftest -g -O2   conftest.c -lgomp  >&5
configure:5995: $? = 0
configure:6001: ./conftest
configure:6005: $? = 0
configure:6023: result: yes
configure:6047: checking for sys/types.h
configure:6068: gcc -c -g -O2  conftest.c >&5
configure:6075: $? = 0
configure:6092: result: yes
configure:6047: checking for sys/stat.h
configure:6068: gcc -c -g -O2  conftest.c >&5
configure:6075: $? = 0
configure:6092: result: yes
configure:6047: checking for stdlib.h
configure:6068: gcc -c -g -O2  conftest.c >&5
configure:6075: $? = 0
configure:6092: result: yes
configure:6047: checking for string.h
configure:6068: gcc -c -g -O2  conftest.c >&5
configure:6075: $? = 0
configure:6092: result: yes
configure:6047: checking for memory.h
configure:6068: gcc -c -g -O2  conftest.c >&5
configure:6075: $? = 0
configure:6092: result: yes
configure:6047: checking for strings.h
configure:6068: gcc -c -g -O2  conftest.c >&5
configure:6075: $? = 0
configure:6092: result: yes
configure:6047: checking for inttypes.h
configure:6068: gcc -c -g -O2  conftest.c >&5
configure:6075: $? = 0
configure:6092: result: yes
configure:6047: checking for stdint.h
configure:6068: gcc -c -g -O2  conftest.c >&5
configure:6075: $? = 0
configure:6092: result: yes
configure:6047: checking for unistd.h
configure:6068: gcc -c -g -O2  conftest.c >&5
configure:6075: $? = 0
configure:6092: result: yes
configure:6125: checking limits.h usability
configure:6142: gcc -c -g -O2  conftest.c >&5
configure:6149: $? = 0
configure:6163: result: yes
configure:6167: checking limits.h presence
configure:6182: gcc -E  conftest.c
configure:6189: $? = 0
configure:6203: result: yes
configure:6236: checking for limits.h
configure:6245: result: yes
configure:6125: checking stddef.h usability
configure:6142: gcc -c -g -O2  conftest.c >&5
configure:6149: $? = 0
configure:6163: result: yes
configure:6167: checking stddef.h presence
configure:6182: gcc -E  conftest.c
configure:6189: $? = 0
configure:6203: result: yes
configure:6236: checking for stddef.h
configure:6245: result: yes
configure:6114: checking for stdlib.h
configure:6121: result: yes
configure:6114: checking for string.h
configure:6121: result: yes
configure:6262: checking for stdbool.h that conforms to C99
configure:6357: gcc -c -g -O2  conftest.c >&5
configure:6364: $? = 0
configure:6379: result: yes
configure:6381: checking for _Bool
configure:6409: gcc -c -g -O2  conftest.c >&5
configure:6416: $? = 0
configure:6443: gcc -c -g -O2  conftest.c >&5
conftest.c: In function 'main':
conftest.c:61:20: error: expected expression before ')' token
 if (sizeof ((_Bool)))
                    ^
configure:6450: $? = 1
configure: failed program was:
| /* confdefs.h.  */
| #define PACKAGE_NAME "IReSISD"
| #define PACKAGE_TARNAME "iresisd"
| #define PACKAGE_VERSION "1.0"
| #define PACKAGE_STRING "IReSISD 1.0"
| #define PACKAGE_BUGREPORT "csatmp@bristol.ac.uk"
| #define PACKAGE "iresisd"
| #define VERSION "1.0"
| #define HAVE_LIBGOMP 1
| #define STDC_HEADERS 1
| #define HAVE_SYS_TYPES_H 1
| #define HAVE_SYS_STAT_H 1
| #define HAVE_STDLIB_H 1
| #define HAVE_STRING_H 1
| #define HAVE_MEMORY_H 1
| #define HAVE_STRINGS_H 1
| #define HAVE_INTTYPES_H 1
| #define HAVE_STDINT_H 1
| #define HAVE_UNISTD_H 1
| #define HAVE_LIMITS_H 1
| #define HAVE_STDDEF_H 1
| #define HAVE_STDLIB_H 1
| #define HAVE_STRING_H 1
| /* end confdefs.h.  */
| #include <stdio.h>
| #ifdef HAVE_SYS_TYPES_H
| # include <sys/types.h>
| #endif
| #ifdef HAVE_SYS_STAT_H
| # include <sys/stat.h>
| #endif
| #ifdef STDC_HEADERS
| # include <stdlib.h>
| # include <stddef.h>
| #else
| # ifdef HAVE_STDLIB_H
| #  include <stdlib.h>
| # endif
| #endif
| #ifdef HAVE_STRING_H
| # if !defined STDC_HEADERS && defined HAVE_MEMORY_H
| #  include <memory.h>
| # endif
| # include <string.h>
| #endif
| #ifdef HAVE_STRINGS_H
| # include <strings.h>
| #endif
| #ifdef HAVE_INTTYPES_H
| # include <inttypes.h>
| #endif
| #ifdef HAVE_STDINT_H
| # include <stdint.h>
| #endif
| #ifdef HAVE_UNISTD_H
| # include <unistd.h>
| #endif
| int
| main ()
| {
| if (sizeof ((_Bool)))
| 	  return 0;
|   ;
|   return 0;
| }
configure:6473: result: yes
configure:6492: checking for inline
configure:6518: gcc -c -g -O2  conftest.c >&5
configure:6525: $? = 0
configure:6543: result: inline
configure:6562: checking for C/C++ restrict keyword
configure:6597: gcc -c -g -O2  conftest.c >&5
configure:6604: $? = 0
configure:6622: result: __restrict
configure:6638: checking for size_t
configure:6666: gcc -c -g -O2  conftest.c >&5
configure:6673: $? = 0
configure:6700: gcc -c -g -O2  conftest.c >&5
conftest.c: In function 'main':
conftest.c:64:21: error: expected expression before ')' token
 if (sizeof ((size_t)))
                     ^
configure:6707: $? = 1
configure: failed program was:
| /* confdefs.h.  */
| #define PACKAGE_NAME "IReSISD"
| #define PACKAGE_TARNAME "iresisd"
| #define PACKAGE_VERSION "1.0"
| #define PACKAGE_STRING "IReSISD 1.0"
| #define PACKAGE_BUGREPORT "csatmp@bristol.ac.uk"
| #define PACKAGE "iresisd"
| #define VERSION "1.0"
| #define HAVE_LIBGOMP 1
| #define STDC_HEADERS 1
| #define HAVE_SYS_TYPES_H 1
| #define HAVE_SYS_STAT_H 1
| #define HAVE_STDLIB_H 1
| #define HAVE_STRING_H 1
| #define HAVE_MEMORY_H 1
| #define HAVE_STRINGS_H 1
| #define HAVE_INTTYPES_H 1
| #define HAVE_STDINT_H 1
| #define HAVE_UNISTD_H 1
| #define HAVE_LIMITS_H 1
| #define HAVE_STDDEF_H 1
| #define HAVE_STDLIB_H 1
| #define HAVE_STRING_H 1
| #define HAVE__BOOL 1
| #define HAVE_STDBOOL_H 1
| #define restrict __restrict
| /* end confdefs.h.  */
| #include <stdio.h>
| #ifdef HAVE_SYS_TYPES_H
| # include <sys/types.h>
| #endif
| #ifdef HAVE_SYS_STAT_H
| # include <sys/stat.h>
| #endif
| #ifdef STDC_HEADERS
| # include <stdlib.h>
| # include <stddef.h>
| #else
| # ifdef HAVE_STDLIB_H
| #  include <stdlib.h>
| # endif
| #endif
| #ifdef HAVE_STRING_H
| # if !defined STDC_HEADERS && defined HAVE_MEMORY_H
| #  include <memory.h>
| # endif
| # include <string.h>
| #endif
| #ifdef HAVE_STRINGS_H
| # include <strings.h>
| #endif
| #ifdef HAVE_INTTYPES_H
| # include <inttypes.h>
| #endif
| #ifdef HAVE_STDINT_H
| # include <stdint.h>
| #endif
| #ifdef HAVE_UNISTD_H
| # include <unistd.h>
| #endif
| int
| main ()
| {
| if (sizeof ((size_t)))
| 	  return 0;
|   ;
|   return 0;
| }
configure:6730: result: yes
configure:6742: checking for ptrdiff_t
configure:6770: gcc -c -g -O2  conftest.c >&5
configure:6777: $? = 0
configure:6804: gcc -c -g -O2  conftest.c >&5
conftest.c: In function 'main':
conftest.c:64:24: error: expected expression before ')' token
 if (sizeof ((ptrdiff_t)))
                        ^
configure:6811: $? = 1
configure: failed program was:
| /* confdefs.h.  */
| #define PACKAGE_NAME "IReSISD"
| #define PACKAGE_TARNAME "iresisd"
| #define PACKAGE_VERSION "1.0"
| #define PACKAGE_STRING "IReSISD 1.0"
| #define PACKAGE_BUGREPORT "csatmp@bristol.ac.uk"
| #define PACKAGE "iresisd"
| #define VERSION "1.0"
| #define HAVE_LIBGOMP 1
| #define STDC_HEADERS 1
| #define HAVE_SYS_TYPES_H 1
| #define HAVE_SYS_STAT_H 1
| #define HAVE_STDLIB_H 1
| #define HAVE_STRING_H 1
| #define HAVE_MEMORY_H 1
| #define HAVE_STRINGS_H 1
| #define HAVE_INTTYPES_H 1
| #define HAVE_STDINT_H 1
| #define HAVE_UNISTD_H 1
| #define HAVE_LIMITS_H 1
| #define HAVE_STDDEF_H 1
| #define HAVE_STDLIB_H 1
| #define HAVE_STRING_H 1
| #define HAVE__BOOL 1
| #define HAVE_STDBOOL_H 1
| #define restrict __restrict
| /* end confdefs.h.  */
| #include <stdio.h>
| #ifdef HAVE_SYS_TYPES_H
| # include <sys/types.h>
| #endif
| #ifdef HAVE_SYS_STAT_H
| # include <sys/stat.h>
| #endif
| #ifdef STDC_HEADERS
| # include <stdlib.h>
| # include <stddef.h>
| #else
| # ifdef HAVE_STDLIB_H
| #  include <stdlib.h>
| # endif
| #endif
| #ifdef HAVE_STRING_H
| # if !defined STDC_HEADERS && defined HAVE_MEMORY_H
| #  include <memory.h>
| # endif
| # include <string.h>
| #endif
| #ifdef HAVE_STRINGS_H
| # include <strings.h>
| #endif
| #ifdef HAVE_INTTYPES_H
| # include <inttypes.h>
| #endif
| #ifdef HAVE_STDINT_H
| # include <stdint.h>
| #endif
| #ifdef HAVE_UNISTD_H
| # include <unistd.h>
| #endif
| int
| main ()
| {
| if (sizeof ((ptrdiff_t)))
| 	  return 0;
|   ;
|   return 0;
| }
configure:6834: result: yes
configure:6856: checking for bzero
configure:6912: gcc -o conftest -g -O2   conftest.c -lgomp  >&5
conftest.c:52:6: warning: conflicting types for built-in function 'bzero' [enabled by default]
 char bzero ();
      ^
configure:6919: $? = 0
configure:6941: result: yes
configure:6856: checking for floor
configure:6912: gcc -o conftest -g -O2   conftest.c -lgomp  >&5
conftest.c:53:6: warning: conflicting types for built-in function 'floor' [enabled by default]
 char floor ();
      ^
/tmp/ccqc0r2O.o: In function `main':
/home/om0000/Programs/iresisd-1.1/conftest.c:64: undefined reference to `floor'
collect2: error: ld returned 1 exit status
configure:6919: $? = 1
configure: failed program was:
| /* confdefs.h.  */
| #define PACKAGE_NAME "IReSISD"
| #define PACKAGE_TARNAME "iresisd"
| #define PACKAGE_VERSION "1.0"
| #define PACKAGE_STRING "IReSISD 1.0"
| #define PACKAGE_BUGREPORT "csatmp@bristol.ac.uk"
| #define PACKAGE "iresisd"
| #define VERSION "1.0"
| #define HAVE_LIBGOMP 1
| #define STDC_HEADERS 1
| #define HAVE_SYS_TYPES_H 1
| #define HAVE_SYS_STAT_H 1
| #define HAVE_STDLIB_H 1
| #define HAVE_STRING_H 1
| #define HAVE_MEMORY_H 1
| #define HAVE_STRINGS_H 1
| #define HAVE_INTTYPES_H 1
| #define HAVE_STDINT_H 1
| #define HAVE_UNISTD_H 1
| #define HAVE_LIMITS_H 1
| #define HAVE_STDDEF_H 1
| #define HAVE_STDLIB_H 1
| #define HAVE_STRING_H 1
| #define HAVE__BOOL 1
| #define HAVE_STDBOOL_H 1
| #define restrict __restrict
| #define HAVE_PTRDIFF_T 1
| #define HAVE_BZERO 1
| /* end confdefs.h.  */
| /* Define floor to an innocuous variant, in case <limits.h> declares floor.
|    For example, HP-UX 11i <limits.h> declares gettimeofday.  */
| #define floor innocuous_floor
| 
| /* System header to define __stub macros and hopefully few prototypes,
|     which can conflict with char floor (); below.
|     Prefer <limits.h> to <assert.h> if __STDC__ is defined, since
|     <limits.h> exists even on freestanding compilers.  */
| 
| #ifdef __STDC__
| # include <limits.h>
| #else
| # include <assert.h>
| #endif
| 
| #undef floor
| 
| /* Override any GCC internal prototype to avoid an error.
|    Use char because int might match the return type of a GCC
|    builtin and then its argument prototype would still apply.  */
| #ifdef __cplusplus
| extern "C"
| #endif
| char floor ();
| /* The GNU C library defines this for functions which it implements
|     to always fail with ENOSYS.  Some functions are actually named
|     something starting with __ and the normal name is an alias.  */
| #if defined __stub_floor || defined __stub___floor
| choke me
| #endif
| 
| int
| main ()
| {
| return floor ();
|   ;
|   return 0;
| }
configure:6941: result: no
configure:6856: checking for memset
configure:6912: gcc -o conftest -g -O2   conftest.c -lgomp  >&5
conftest.c:53:6: warning: conflicting types for built-in function 'memset' [enabled by default]
 char memset ();
      ^
configure:6919: $? = 0
configure:6941: result: yes
configure:6856: checking for pow
configure:6912: gcc -o conftest -g -O2   conftest.c -lgomp  >&5
conftest.c:54:6: warning: conflicting types for built-in function 'pow' [enabled by default]
 char pow ();
      ^
/tmp/ccOr1hRU.o: In function `main':
/home/om0000/Programs/iresisd-1.1/conftest.c:65: undefined reference to `pow'
collect2: error: ld returned 1 exit status
configure:6919: $? = 1
configure: failed program was:
| /* confdefs.h.  */
| #define PACKAGE_NAME "IReSISD"
| #define PACKAGE_TARNAME "iresisd"
| #define PACKAGE_VERSION "1.0"
| #define PACKAGE_STRING "IReSISD 1.0"
| #define PACKAGE_BUGREPORT "csatmp@bristol.ac.uk"
| #define PACKAGE "iresisd"
| #define VERSION "1.0"
| #define HAVE_LIBGOMP 1
| #define STDC_HEADERS 1
| #define HAVE_SYS_TYPES_H 1
| #define HAVE_SYS_STAT_H 1
| #define HAVE_STDLIB_H 1
| #define HAVE_STRING_H 1
| #define HAVE_MEMORY_H 1
| #define HAVE_STRINGS_H 1
| #define HAVE_INTTYPES_H 1
| #define HAVE_STDINT_H 1
| #define HAVE_UNISTD_H 1
| #define HAVE_LIMITS_H 1
| #define HAVE_STDDEF_H 1
| #define HAVE_STDLIB_H 1
| #define HAVE_STRING_H 1
| #define HAVE__BOOL 1
| #define HAVE_STDBOOL_H 1
| #define restrict __restrict
| #define HAVE_PTRDIFF_T 1
| #define HAVE_BZERO 1
| #define HAVE_MEMSET 1
| /* end confdefs.h.  */
| /* Define pow to an innocuous variant, in case <limits.h> declares pow.
|    For example, HP-UX 11i <limits.h> declares gettimeofday.  */
| #define pow innocuous_pow
| 
| /* System header to define __stub macros and hopefully few prototypes,
|     which can conflict with char pow (); below.
|     Prefer <limits.h> to <assert.h> if __STDC__ is defined, since
|     <limits.h> exists even on freestanding compilers.  */
| 
| #ifdef __STDC__
| # include <limits.h>
| #else
| # include <assert.h>
| #endif
| 
| #undef pow
| 
| /* Override any GCC internal prototype to avoid an error.
|    Use char because int might match the return type of a GCC
|    builtin and then its argument prototype would still apply.  */
| #ifdef __cplusplus
| extern "C"
| #endif
| char pow ();
| /* The GNU C library defines this for functions which it implements
|     to always fail with ENOSYS.  Some functions are actually named
|     something starting with __ and the normal name is an alias.  */
| #if defined __stub_pow || defined __stub___pow
| choke me
| #endif
| 
| int
| main ()
| {
| return pow ();
|   ;
|   return 0;
| }
configure:6941: result: no
configure:6856: checking for sqrt
configure:6912: gcc -o conftest -g -O2   conftest.c -lgomp  >&5
conftest.c:54:6: warning: conflicting types for built-in function 'sqrt' [enabled by default]
 char sqrt ();
      ^
/tmp/ccaA8Dm1.o: In function `main':
/home/om0000/Programs/iresisd-1.1/conftest.c:65: undefined reference to `sqrt'
collect2: error: ld returned 1 exit status
configure:6919: $? = 1
configure: failed program was:
| /* confdefs.h.  */
| #define PACKAGE_NAME "IReSISD"
| #define PACKAGE_TARNAME "iresisd"
| #define PACKAGE_VERSION "1.0"
| #define PACKAGE_STRING "IReSISD 1.0"
| #define PACKAGE_BUGREPORT "csatmp@bristol.ac.uk"
| #define PACKAGE "iresisd"
| #define VERSION "1.0"
| #define HAVE_LIBGOMP 1
| #define STDC_HEADERS 1
| #define HAVE_SYS_TYPES_H 1
| #define HAVE_SYS_STAT_H 1
| #define HAVE_STDLIB_H 1
| #define HAVE_STRING_H 1
| #define HAVE_MEMORY_H 1
| #define HAVE_STRINGS_H 1
| #define HAVE_INTTYPES_H 1
| #define HAVE_STDINT_H 1
| #define HAVE_UNISTD_H 1
| #define HAVE_LIMITS_H 1
| #define HAVE_STDDEF_H 1
| #define HAVE_STDLIB_H 1
| #define HAVE_STRING_H 1
| #define HAVE__BOOL 1
| #define HAVE_STDBOOL_H 1
| #define restrict __restrict
| #define HAVE_PTRDIFF_T 1
| #define HAVE_BZERO 1
| #define HAVE_MEMSET 1
| /* end confdefs.h.  */
| /* Define sqrt to an innocuous variant, in case <limits.h> declares sqrt.
|    For example, HP-UX 11i <limits.h> declares gettimeofday.  */
| #define sqrt innocuous_sqrt
| 
| /* System header to define __stub macros and hopefully few prototypes,
|     which can conflict with char sqrt (); below.
|     Prefer <limits.h> to <assert.h> if __STDC__ is defined, since
|     <limits.h> exists even on freestanding compilers.  */
| 
| #ifdef __STDC__
| # include <limits.h>
| #else
| # include <assert.h>
| #endif
| 
| #undef sqrt
| 
| /* Override any GCC internal prototype to avoid an error.
|    Use char because int might match the return type of a GCC
|    builtin and then its argument prototype would still apply.  */
| #ifdef __cplusplus
| extern "C"
| #endif
| char sqrt ();
| /* The GNU C library defines this for functions which it implements
|     to always fail with ENOSYS.  Some functions are actually named
|     something starting with __ and the normal name is an alias.  */
| #if defined __stub_sqrt || defined __stub___sqrt
| choke me
| #endif
| 
| int
| main ()
| {
| return sqrt ();
|   ;
|   return 0;
| }
configure:6941: result: no
configure:6856: checking for strchr
configure:6912: gcc -o conftest -g -O2   conftest.c -lgomp  >&5
conftest.c:54:6: warning: conflicting types for built-in function 'strchr' [enabled by default]
 char strchr ();
      ^
configure:6919: $? = 0
configure:6941: result: yes
configure:7123: creating ./config.status

## ---------------------- ##
## Running config.status. ##
## ---------------------- ##

This file was extended by IReSISD config.status 1.0, which was
generated by GNU Autoconf 2.63.  Invocation command line was

  CONFIG_FILES    = 
  CONFIG_HEADERS  = 
  CONFIG_LINKS    = 
  CONFIG_COMMANDS = 
  $ ./config.status 

on om0000-DQ67SW

config.status:702: creating Makefile
config.status:702: creating src/Makefile
config.status:913: executing depfiles commands

## ---------------- ##
## Cache variables. ##
## ---------------- ##

ac_cv_c_compiler_gnu=yes
ac_cv_c_inline=inline
ac_cv_c_restrict=__restrict
ac_cv_cxx_compiler_gnu=yes
ac_cv_env_CCC_set=
ac_cv_env_CCC_value=
ac_cv_env_CC_set=
ac_cv_env_CC_value=
ac_cv_env_CFLAGS_set=
ac_cv_env_CFLAGS_value=
ac_cv_env_CPPFLAGS_set=
ac_cv_env_CPPFLAGS_value=
ac_cv_env_CPP_set=
ac_cv_env_CPP_value=
ac_cv_env_CXXFLAGS_set=
ac_cv_env_CXXFLAGS_value=
ac_cv_env_CXX_set=
ac_cv_env_CXX_value=
ac_cv_env_LDFLAGS_set=
ac_cv_env_LDFLAGS_value=
ac_cv_env_LIBS_set=
ac_cv_env_LIBS_value=
ac_cv_env_build_alias_set=
ac_cv_env_build_alias_value=
ac_cv_env_host_alias_set=
ac_cv_env_host_alias_value=
ac_cv_env_target_alias_set=
ac_cv_env_target_alias_value=
ac_cv_func_bzero=yes
ac_cv_func_floor=no
ac_cv_func_memset=yes
ac_cv_func_pow=no
ac_cv_func_sqrt=no
ac_cv_func_strchr=yes
ac_cv_header_inttypes_h=yes
ac_cv_header_limits_h=yes
ac_cv_header_memory_h=yes
ac_cv_header_stdbool_h=yes
ac_cv_header_stdc=yes
ac_cv_header_stddef_h=yes
ac_cv_header_stdint_h=yes
ac_cv_header_stdlib_h=yes
ac_cv_header_string_h=yes
ac_cv_header_strings_h=yes
ac_cv_header_sys_stat_h=yes
ac_cv_header_sys_types_h=yes
ac_cv_header_unistd_h=yes
ac_cv_lib_dcmdata_main=no
ac_cv_lib_fftw3_main=no
ac_cv_lib_fftw3_threads_main=no
ac_cv_lib_gomp_main=yes
ac_cv_lib_nifticdf_main=no
ac_cv_lib_niftiio_main=no
ac_cv_lib_oflog_main=no
ac_cv_lib_ofstd_main=no
ac_cv_lib_opencv_calib3d_main=no
ac_cv_lib_opencv_contrib_main=no
ac_cv_lib_opencv_core_main=no
ac_cv_lib_opencv_features2d_main=no
ac_cv_lib_opencv_flann_main=no
ac_cv_lib_opencv_gpu_main=no
ac_cv_lib_opencv_highgui_main=no
ac_cv_lib_opencv_imgproc_main=no
ac_cv_lib_opencv_legacy_main=no
ac_cv_lib_opencv_ml_main=no
ac_cv_lib_opencv_objdetect_main=no
ac_cv_lib_opencv_video_main=no
ac_cv_lib_teem_main=no
ac_cv_objext=o
ac_cv_path_EGREP='/bin/grep -E'
ac_cv_path_GREP=/bin/grep
ac_cv_path_install='/usr/bin/install -c'
ac_cv_path_mkdir=/bin/mkdir
ac_cv_prog_AWK=gawk
ac_cv_prog_CPP='gcc -E'
ac_cv_prog_ac_ct_CC=gcc
ac_cv_prog_ac_ct_CXX=g++
ac_cv_prog_cc_c89=
ac_cv_prog_cc_g=yes
ac_cv_prog_cxx_g=yes
ac_cv_prog_make_make_set=yes
ac_cv_type__Bool=yes
ac_cv_type_ptrdiff_t=yes
ac_cv_type_size_t=yes
am_cv_CC_dependencies_compiler_type=none
am_cv_CXX_dependencies_compiler_type=none

## ----------------- ##
## Output variables. ##
## ----------------- ##

ACLOCAL='${SHELL} /home/om0000/Programs/iresisd-1.1/missing --run aclocal-1.11'
AMDEPBACKSLASH='\'
AMDEP_FALSE='#'
AMDEP_TRUE=''
AMTAR='${SHELL} /home/om0000/Programs/iresisd-1.1/missing --run tar'
AUTOCONF='${SHELL} /home/om0000/Programs/iresisd-1.1/missing --run autoconf'
AUTOHEADER='${SHELL} /home/om0000/Programs/iresisd-1.1/missing --run autoheader'
AUTOMAKE='${SHELL} /home/om0000/Programs/iresisd-1.1/missing --run automake-1.11'
AWK='gawk'
CC='gcc'
CCDEPMODE='depmode=none'
CFLAGS='-g -O2'
CPP='gcc -E'
CPPFLAGS=''
CXX='g++'
CXXDEPMODE='depmode=none'
CXXFLAGS='-g -O2'
CYGPATH_W='echo'
DEFS='-DPACKAGE_NAME=\"IReSISD\" -DPACKAGE_TARNAME=\"iresisd\" -DPACKAGE_VERSION=\"1.0\" -DPACKAGE_STRING=\"IReSISD\ 1.0\" -DPACKAGE_BUGREPORT=\"csatmp@bristol.ac.uk\" -DPACKAGE=\"iresisd\" -DVERSION=\"1.0\" -DHAVE_LIBGOMP=1 -DSTDC_HEADERS=1 -DHAVE_SYS_TYPES_H=1 -DHAVE_SYS_STAT_H=1 -DHAVE_STDLIB_H=1 -DHAVE_STRING_H=1 -DHAVE_MEMORY_H=1 -DHAVE_STRINGS_H=1 -DHAVE_INTTYPES_H=1 -DHAVE_STDINT_H=1 -DHAVE_UNISTD_H=1 -DHAVE_LIMITS_H=1 -DHAVE_STDDEF_H=1 -DHAVE_STDLIB_H=1 -DHAVE_STRING_H=1 -DHAVE__BOOL=1 -DHAVE_STDBOOL_H=1 -Drestrict=__restrict -DHAVE_PTRDIFF_T=1 -DHAVE_BZERO=1 -DHAVE_MEMSET=1 -DHAVE_STRCHR=1'
DEPDIR='.deps'
ECHO_C=''
ECHO_N='-n'
ECHO_T=''
EGREP='/bin/grep -E'
EXEEXT=''
GREP='/bin/grep'
INSTALL_DATA='${INSTALL} -m 644'
INSTALL_PROGRAM='${INSTALL}'
INSTALL_SCRIPT='${INSTALL}'
INSTALL_STRIP_PROGRAM='$(install_sh) -c -s'
LDFLAGS=''
LIBOBJS=''
LIBS='-lgomp '
LTLIBOBJS=''
MAKEINFO='${SHELL} /home/om0000/Programs/iresisd-1.1/missing --run makeinfo'
MKDIR_P='/bin/mkdir -p'
OBJEXT='o'
PACKAGE='iresisd'
PACKAGE_BUGREPORT='csatmp@bristol.ac.uk'
PACKAGE_NAME='IReSISD'
PACKAGE_STRING='IReSISD 1.0'
PACKAGE_TARNAME='iresisd'
PACKAGE_VERSION='1.0'
PATH_SEPARATOR=':'
SET_MAKE=''
SHELL='/bin/bash'
STRIP=''
VERSION='1.0'
ac_ct_CC='gcc'
ac_ct_CXX='g++'
am__EXEEXT_FALSE=''
am__EXEEXT_TRUE='#'
am__fastdepCC_FALSE=''
am__fastdepCC_TRUE='#'
am__fastdepCXX_FALSE=''
am__fastdepCXX_TRUE='#'
am__include='include'
am__isrc=''
am__leading_dot='.'
am__quote=''
am__tar='${AMTAR} chof - "$$tardir"'
am__untar='${AMTAR} xf -'
bindir='${exec_prefix}/bin'
build_alias=''
datadir='${datarootdir}'
datarootdir='${prefix}/share'
docdir='${datarootdir}/doc/${PACKAGE_TARNAME}'
dvidir='${docdir}'
exec_prefix='${prefix}'
host_alias=''
htmldir='${docdir}'
includedir='${prefix}/include'
infodir='${datarootdir}/info'
install_sh='${SHELL} /home/om0000/Programs/iresisd-1.1/install-sh'
libdir='${exec_prefix}/lib'
libexecdir='${exec_prefix}/libexec'
localedir='${datarootdir}/locale'
localstatedir='${prefix}/var'
mandir='${datarootdir}/man'
mkdir_p='/bin/mkdir -p'
oldincludedir='/usr/include'
pdfdir='${docdir}'
prefix='/usr/local'
program_transform_name='s,x,x,'
psdir='${docdir}'
sbindir='${exec_prefix}/sbin'
sharedstatedir='${prefix}/com'
sysconfdir='${prefix}/etc'
target_alias=''

## ----------- ##
## confdefs.h. ##
## ----------- ##

#define PACKAGE_NAME "IReSISD"
#define PACKAGE_TARNAME "iresisd"
#define PACKAGE_VERSION "1.0"
#define PACKAGE_STRING "IReSISD 1.0"
#define PACKAGE_BUGREPORT "csatmp@bristol.ac.uk"
#define PACKAGE "iresisd"
#define VERSION "1.0"
#define HAVE_LIBGOMP 1
#define STDC_HEADERS 1
#define HAVE_SYS_TYPES_H 1
#define HAVE_SYS_STAT_H 1
#define HAVE_STDLIB_H 1
#define HAVE_STRING_H 1
#define HAVE_MEMORY_H 1
#define HAVE_STRINGS_H 1
#define HAVE_INTTYPES_H 1
#define HAVE_STDINT_H 1
#define HAVE_UNISTD_H 1
#define HAVE_LIMITS_H 1
#define HAVE_STDDEF_H 1
#define HAVE_STDLIB_H 1
#define HAVE_STRING_H 1
#define HAVE__BOOL 1
#define HAVE_STDBOOL_H 1
#define restrict __restrict
#define HAVE_PTRDIFF_T 1
#define HAVE_BZERO 1
#define HAVE_MEMSET 1
#define HAVE_STRCHR 1

configure: exit 0
